# JRE version: OpenJDK Runtime Environment (11.0.11+9) (build 11.0.11+9-b60-7590822)
# Java VM: OpenJDK 64-Bit Server VM (11.0.11+9-b60-7590822, mixed mode, tiered, compressed oops, g1 gc, windows-amd64)
Heap:
 garbage-first heap   total 118784K, used 71646K [0x0000000080000000, 0x0000000100000000)
  region size 1024K, 45 young (46080K), 9 survivors (9216K)
 Metaspace       used 45243K, capacity 46334K, committed 46412K, reserved 1089536K
  class space    used 5780K, capacity 6205K, committed 6272K, reserved 1048576K
GC Heap History (18 events):
Event: 0.971 GC heap before
{Heap before GC invocations=0 (full 0):
 garbage-first heap   total 98304K, used 19456K [0x0000000080000000, 0x0000000100000000)
  region size 1024K, 14 young (14336K), 0 survivors (0K)
 Metaspace       used 7447K, capacity 7575K, committed 7680K, reserved 1056768K
  class space    used 673K, capacity 716K, committed 768K, reserved 1048576K
}
Event: 0.979 GC heap after
{Heap after GC invocations=1 (full 0):
 garbage-first heap   total 98304K, used 7820K [0x0000000080000000, 0x0000000100000000)
  region size 1024K, 2 young (2048K), 2 survivors (2048K)
 Metaspace       used 7447K, capacity 7575K, committed 7680K, reserved 1056768K
  class space    used 673K, capacity 716K, committed 768K, reserved 1048576K
}
Event: 1.505 GC heap before
{Heap before GC invocations=1 (full 0):
 garbage-first heap   total 98304K, used 16012K [0x0000000080000000, 0x0000000100000000)
  region size 1024K, 10 young (10240K), 2 survivors (2048K)
 Metaspace       used 9730K, capacity 9876K, committed 10112K, reserved 1058816K
  class space    used 1002K, capacity 1060K, committed 1152K, reserved 1048576K
}
Event: 1.511 GC heap after
{Heap after GC invocations=2 (full 0):
 garbage-first heap   total 98304K, used 8448K [0x0000000080000000, 0x0000000100000000)
  region size 1024K, 1 young (1024K), 1 survivors (1024K)
 Metaspace       used 9730K, capacity 9876K, committed 10112K, reserved 1058816K
  class space    used 1002K, capacity 1060K, committed 1152K, reserved 1048576K
}
Event: 2.374 GC heap before
{Heap before GC invocations=2 (full 0):
 garbage-first heap   total 98304K, used 32000K [0x0000000080000000, 0x0000000100000000)
  region size 1024K, 25 young (25600K), 1 survivors (1024K)
 Metaspace       used 10669K, capacity 10829K, committed 11008K, reserved 1058816K
  class space    used 1103K, capacity 1164K, committed 1280K, reserved 1048576K
}
Event: 2.379 GC heap after
{Heap after GC invocations=3 (full 0):
 garbage-first heap   total 98304K, used 10825K [0x0000000080000000, 0x0000000100000000)
  region size 1024K, 3 young (3072K), 3 survivors (3072K)
 Metaspace       used 10669K, capacity 10829K, committed 11008K, reserved 1058816K
  class space    used 1103K, capacity 1164K, committed 1280K, reserved 1048576K
}
Event: 4.410 GC heap before
{Heap before GC invocations=3 (full 0):
 garbage-first heap   total 98304K, used 44617K [0x0000000080000000, 0x0000000100000000)
  region size 1024K, 37 young (37888K), 3 survivors (3072K)
 Metaspace       used 16805K, capacity 17238K, committed 17536K, reserved 1064960K
  class space    used 1929K, capacity 2074K, committed 2176K, reserved 1048576K
}
Event: 4.420 GC heap after
{Heap after GC invocations=4 (full 0):
 garbage-first heap   total 98304K, used 14879K [0x0000000080000000, 0x0000000100000000)
  region size 1024K, 5 young (5120K), 5 survivors (5120K)
 Metaspace       used 16805K, capacity 17238K, committed 17536K, reserved 1064960K
  class space    used 1929K, capacity 2074K, committed 2176K, reserved 1048576K
}
Event: 5.255 GC heap before
{Heap before GC invocations=4 (full 0):
 garbage-first heap   total 98304K, used 42527K [0x0000000080000000, 0x0000000100000000)
  region size 1024K, 34 young (34816K), 5 survivors (5120K)
 Metaspace       used 20639K, capacity 21101K, committed 21248K, reserved 1067008K
  class space    used 2525K, capacity 2710K, committed 2816K, reserved 1048576K
}
Event: 5.267 GC heap after
{Heap after GC invocations=5 (full 0):
 garbage-first heap   total 98304K, used 16189K [0x0000000080000000, 0x0000000100000000)
  region size 1024K, 2 young (2048K), 2 survivors (2048K)
 Metaspace       used 20639K, capacity 21101K, committed 21248K, reserved 1067008K
  class space    used 2525K, capacity 2710K, committed 2816K, reserved 1048576K
}
Event: 6.170 GC heap before
{Heap before GC invocations=6 (full 0):
 garbage-first heap   total 98304K, used 54077K [0x0000000080000000, 0x0000000100000000)
  region size 1024K, 39 young (39936K), 2 survivors (2048K)
 Metaspace       used 24973K, capacity 25475K, committed 25728K, reserved 1071104K
  class space    used 3214K, capacity 3426K, committed 3456K, reserved 1048576K
}
Event: 6.175 GC heap after
{Heap after GC invocations=7 (full 0):
 garbage-first heap   total 118784K, used 17572K [0x0000000080000000, 0x0000000100000000)
  region size 1024K, 3 young (3072K), 3 survivors (3072K)
 Metaspace       used 24973K, capacity 25475K, committed 25728K, reserved 1071104K
  class space    used 3214K, capacity 3426K, committed 3456K, reserved 1048576K
}
Event: 7.976 GC heap before
{Heap before GC invocations=7 (full 0):
 garbage-first heap   total 118784K, used 77988K [0x0000000080000000, 0x0000000100000000)
  region size 1024K, 63 young (64512K), 3 survivors (3072K)
 Metaspace       used 35121K, capacity 35825K, committed 35840K, reserved 1081344K
  class space    used 4561K, capacity 4856K, committed 4864K, reserved 1048576K
}
Event: 7.991 GC heap after
{Heap after GC invocations=8 (full 0):
 garbage-first heap   total 118784K, used 21284K [0x0000000080000000, 0x0000000100000000)
  region size 1024K, 7 young (7168K), 7 survivors (7168K)
 Metaspace       used 35121K, capacity 35825K, committed 35840K, reserved 1081344K
  class space    used 4561K, capacity 4856K, committed 4864K, reserved 1048576K
}
Event: 9.357 GC heap before
{Heap before GC invocations=9 (full 0):
 garbage-first heap   total 118784K, used 85796K [0x0000000080000000, 0x0000000100000000)
  region size 1024K, 67 young (68608K), 7 survivors (7168K)
 Metaspace       used 41055K, capacity 41884K, committed 42188K, reserved 1085440K
  class space    used 5248K, capacity 5542K, committed 5632K, reserved 1048576K
}
Event: 9.375 GC heap after
{Heap after GC invocations=10 (full 0):
 garbage-first heap   total 118784K, used 25140K [0x0000000080000000, 0x0000000100000000)
  region size 1024K, 8 young (8192K), 8 survivors (8192K)
 Metaspace       used 41055K, capacity 41884K, committed 42188K, reserved 1085440K
  class space    used 5248K, capacity 5542K, committed 5632K, reserved 1048576K
}
Event: 10.762 GC heap before
{Heap before GC invocations=10 (full 0):
 garbage-first heap   total 118784K, used 85556K [0x0000000080000000, 0x0000000100000000)
  region size 1024K, 67 young (68608K), 8 survivors (8192K)
 Metaspace       used 44502K, capacity 45518K, committed 45772K, reserved 1089536K
  class space    used 5676K, capacity 6049K, committed 6144K, reserved 1048576K
}
Event: 10.784 GC heap after
{Heap after GC invocations=11 (full 0):
 garbage-first heap   total 118784K, used 30686K [0x0000000080000000, 0x0000000100000000)
  region size 1024K, 9 young (9216K), 9 survivors (9216K)
 Metaspace       used 44502K, capacity 45518K, committed 45772K, reserved 1089536K
  class space    used 5676K, capacity 6049K, committed 6144K, reserved 1048576K
}

