# JRE version: OpenJDK Runtime Environment (11.0.11+9) (build 11.0.11+9-b60-7590822)
# Java VM: OpenJDK 64-Bit Server VM (11.0.11+9-b60-7590822, mixed mode, tiered, compressed oops, g1 gc, windows-amd64)
Heap:
 garbage-first heap   total 143360K, used 45512K [0x0000000080000000, 0x0000000100000000)
  region size 1024K, 8 young (8192K), 8 survivors (8192K)
 Metaspace       used 45060K, capacity 46187K, committed 46412K, reserved 1089536K
  class space    used 5750K, capacity 6163K, committed 6220K, reserved 1048576K
GC Heap History (20 events):
Event: 0.672 GC heap after
{Heap after GC invocations=1 (full 0):
 garbage-first heap   total 98304K, used 8094K [0x0000000080000000, 0x0000000100000000)
  region size 1024K, 2 young (2048K), 2 survivors (2048K)
 Metaspace       used 7444K, capacity 7575K, committed 7680K, reserved 1056768K
  class space    used 673K, capacity 716K, committed 768K, reserved 1048576K
}
Event: 1.109 GC heap before
{Heap before GC invocations=1 (full 0):
 garbage-first heap   total 98304K, used 19358K [0x0000000080000000, 0x0000000100000000)
  region size 1024K, 13 young (13312K), 2 survivors (2048K)
 Metaspace       used 10475K, capacity 10700K, committed 11008K, reserved 1058816K
  class space    used 1101K, capacity 1164K, committed 1280K, reserved 1048576K
}
Event: 1.112 GC heap after
{Heap after GC invocations=2 (full 0):
 garbage-first heap   total 98304K, used 8508K [0x0000000080000000, 0x0000000100000000)
  region size 1024K, 1 young (1024K), 1 survivors (1024K)
 Metaspace       used 10475K, capacity 10700K, committed 11008K, reserved 1058816K
  class space    used 1101K, capacity 1164K, committed 1280K, reserved 1048576K
}
Event: 1.714 GC heap before
{Heap before GC invocations=2 (full 0):
 garbage-first heap   total 98304K, used 45372K [0x0000000080000000, 0x0000000100000000)
  region size 1024K, 38 young (38912K), 1 survivors (1024K)
 Metaspace       used 10911K, capacity 11173K, committed 11264K, reserved 1058816K
  class space    used 1159K, capacity 1236K, committed 1280K, reserved 1048576K
}
Event: 1.722 GC heap after
{Heap after GC invocations=3 (full 0):
 garbage-first heap   total 98304K, used 13116K [0x0000000080000000, 0x0000000100000000)
  region size 1024K, 5 young (5120K), 5 survivors (5120K)
 Metaspace       used 10911K, capacity 11173K, committed 11264K, reserved 1058816K
  class space    used 1159K, capacity 1236K, committed 1280K, reserved 1048576K
}
Event: 3.534 GC heap before
{Heap before GC invocations=3 (full 0):
 garbage-first heap   total 98304K, used 55100K [0x0000000080000000, 0x0000000100000000)
  region size 1024K, 46 young (47104K), 5 survivors (5120K)
 Metaspace       used 19718K, capacity 20127K, committed 20224K, reserved 1067008K
  class space    used 2397K, capacity 2530K, committed 2560K, reserved 1048576K
}
Event: 3.543 GC heap after
{Heap after GC invocations=4 (full 0):
 garbage-first heap   total 98304K, used 16230K [0x0000000080000000, 0x0000000100000000)
  region size 1024K, 3 young (3072K), 3 survivors (3072K)
 Metaspace       used 19718K, capacity 20127K, committed 20224K, reserved 1067008K
  class space    used 2397K, capacity 2530K, committed 2560K, reserved 1048576K
}
Event: 3.641 GC heap before
{Heap before GC invocations=4 (full 0):
 garbage-first heap   total 98304K, used 21350K [0x0000000080000000, 0x0000000100000000)
  region size 1024K, 9 young (9216K), 3 survivors (3072K)
 Metaspace       used 20631K, capacity 21101K, committed 21248K, reserved 1067008K
  class space    used 2525K, capacity 2710K, committed 2816K, reserved 1048576K
}
Event: 3.647 GC heap after
{Heap after GC invocations=5 (full 0):
 garbage-first heap   total 98304K, used 16237K [0x0000000080000000, 0x0000000100000000)
  region size 1024K, 3 young (3072K), 3 survivors (3072K)
 Metaspace       used 20631K, capacity 21101K, committed 21248K, reserved 1067008K
  class space    used 2525K, capacity 2710K, committed 2816K, reserved 1048576K
}
Event: 4.319 GC heap before
{Heap before GC invocations=6 (full 0):
 garbage-first heap   total 98304K, used 53101K [0x0000000080000000, 0x0000000100000000)
  region size 1024K, 39 young (39936K), 3 survivors (3072K)
 Metaspace       used 24833K, capacity 25408K, committed 25472K, reserved 1071104K
  class space    used 3192K, capacity 3425K, committed 3456K, reserved 1048576K
}
Event: 4.326 GC heap after
{Heap after GC invocations=7 (full 0):
 garbage-first heap   total 98304K, used 17739K [0x0000000080000000, 0x0000000100000000)
  region size 1024K, 2 young (2048K), 2 survivors (2048K)
 Metaspace       used 24833K, capacity 25408K, committed 25472K, reserved 1071104K
  class space    used 3192K, capacity 3425K, committed 3456K, reserved 1048576K
}
Event: 5.243 GC heap before
{Heap before GC invocations=7 (full 0):
 garbage-first heap   total 98304K, used 56651K [0x0000000080000000, 0x0000000100000000)
  region size 1024K, 40 young (40960K), 2 survivors (2048K)
 Metaspace       used 28886K, capacity 29513K, committed 29696K, reserved 1075200K
  class space    used 3846K, capacity 4092K, committed 4096K, reserved 1048576K
}
Event: 5.251 GC heap after
{Heap after GC invocations=8 (full 0):
 garbage-first heap   total 118784K, used 19020K [0x0000000080000000, 0x0000000100000000)
  region size 1024K, 4 young (4096K), 4 survivors (4096K)
 Metaspace       used 28886K, capacity 29513K, committed 29696K, reserved 1075200K
  class space    used 3846K, capacity 4092K, committed 4096K, reserved 1048576K
}
Event: 5.937 GC heap before
{Heap before GC invocations=8 (full 0):
 garbage-first heap   total 118784K, used 41548K [0x0000000080000000, 0x0000000100000000)
  region size 1024K, 27 young (27648K), 4 survivors (4096K)
 Metaspace       used 35094K, capacity 35819K, committed 35840K, reserved 1081344K
  class space    used 4559K, capacity 4854K, committed 4864K, reserved 1048576K
}
Event: 5.948 GC heap after
{Heap after GC invocations=9 (full 0):
 garbage-first heap   total 118784K, used 21482K [0x0000000080000000, 0x0000000100000000)
  region size 1024K, 6 young (6144K), 6 survivors (6144K)
 Metaspace       used 35094K, capacity 35819K, committed 35840K, reserved 1081344K
  class space    used 4559K, capacity 4854K, committed 4864K, reserved 1048576K
}
Event: 6.874 GC heap before
{Heap before GC invocations=10 (full 0):
 garbage-first heap   total 118784K, used 73706K [0x0000000080000000, 0x0000000100000000)
  region size 1024K, 54 young (55296K), 6 survivors (6144K)
 Metaspace       used 40140K, capacity 40898K, committed 41036K, reserved 1085440K
  class space    used 5105K, capacity 5403K, committed 5452K, reserved 1048576K
}
Event: 6.889 GC heap after
{Heap after GC invocations=11 (full 0):
 garbage-first heap   total 118784K, used 24795K [0x0000000080000000, 0x0000000100000000)
  region size 1024K, 6 young (6144K), 6 survivors (6144K)
 Metaspace       used 40140K, capacity 40898K, committed 41036K, reserved 1085440K
  class space    used 5105K, capacity 5403K, committed 5452K, reserved 1048576K
}
Event: 8.049 GC heap before
{Heap before GC invocations=11 (full 0):
 garbage-first heap   total 118784K, used 78043K [0x0000000080000000, 0x0000000100000000)
  region size 1024K, 58 young (59392K), 6 survivors (6144K)
 Metaspace       used 44116K, capacity 45104K, committed 45260K, reserved 1089536K
  class space    used 5633K, capacity 5998K, committed 6092K, reserved 1048576K
}
Event: 8.062 GC heap after
{Heap after GC invocations=12 (full 0):
 garbage-first heap   total 118784K, used 27427K [0x0000000080000000, 0x0000000100000000)
  region size 1024K, 6 young (6144K), 6 survivors (6144K)
 Metaspace       used 44116K, capacity 45104K, committed 45260K, reserved 1089536K
  class space    used 5633K, capacity 5998K, committed 6092K, reserved 1048576K
}
Event: 8.700 GC heap before
{Heap before GC invocations=12 (full 0):
 garbage-first heap   total 118784K, used 86819K [0x0000000080000000, 0x0000000100000000)
  region size 1024K, 59 young (60416K), 6 survivors (6144K)
 Metaspace       used 45060K, capacity 46187K, committed 46412K, reserved 1089536K
  class space    used 5750K, capacity 6163K, committed 6220K, reserved 1048576K
}

