# JRE version: OpenJDK Runtime Environment (11.0.11+9) (build 11.0.11+9-b60-7590822)
# Java VM: OpenJDK 64-Bit Server VM (11.0.11+9-b60-7590822, mixed mode, tiered, compressed oops, g1 gc, windows-amd64)
Heap:
 garbage-first heap   total 128000K, used 50176K [0x0000000080000000, 0x0000000100000000)
  region size 1024K, 3 young (3072K), 2 survivors (2048K)
 Metaspace       used 53362K, capacity 54660K, committed 54912K, reserved 1097728K
  class space    used 6751K, capacity 7221K, committed 7296K, reserved 1048576K
GC Heap History (20 events):
Event: 2.355 GC heap before
{Heap before GC invocations=2 (full 0):
 garbage-first heap   total 98304K, used 32085K [0x0000000080000000, 0x0000000100000000)
  region size 1024K, 25 young (25600K), 1 survivors (1024K)
 Metaspace       used 10703K, capacity 10965K, committed 11264K, reserved 1058816K
  class space    used 1103K, capacity 1164K, committed 1280K, reserved 1048576K
}
Event: 2.360 GC heap after
{Heap after GC invocations=3 (full 0):
 garbage-first heap   total 98304K, used 10971K [0x0000000080000000, 0x0000000100000000)
  region size 1024K, 3 young (3072K), 3 survivors (3072K)
 Metaspace       used 10703K, capacity 10965K, committed 11264K, reserved 1058816K
  class space    used 1103K, capacity 1164K, committed 1280K, reserved 1048576K
}
Event: 4.601 GC heap before
{Heap before GC invocations=3 (full 0):
 garbage-first heap   total 98304K, used 44763K [0x0000000080000000, 0x0000000100000000)
  region size 1024K, 37 young (37888K), 3 survivors (3072K)
 Metaspace       used 16821K, capacity 17246K, committed 17536K, reserved 1064960K
  class space    used 1929K, capacity 2074K, committed 2176K, reserved 1048576K
}
Event: 4.610 GC heap after
{Heap after GC invocations=4 (full 0):
 garbage-first heap   total 98304K, used 15331K [0x0000000080000000, 0x0000000100000000)
  region size 1024K, 5 young (5120K), 5 survivors (5120K)
 Metaspace       used 16821K, capacity 17246K, committed 17536K, reserved 1064960K
  class space    used 1929K, capacity 2074K, committed 2176K, reserved 1048576K
}
Event: 5.147 GC heap before
{Heap before GC invocations=4 (full 0):
 garbage-first heap   total 98304K, used 42979K [0x0000000080000000, 0x0000000100000000)
  region size 1024K, 34 young (34816K), 5 survivors (5120K)
 Metaspace       used 20640K, capacity 21109K, committed 21248K, reserved 1067008K
  class space    used 2526K, capacity 2710K, committed 2816K, reserved 1048576K
}
Event: 5.156 GC heap after
{Heap after GC invocations=5 (full 0):
 garbage-first heap   total 98304K, used 16575K [0x0000000080000000, 0x0000000100000000)
  region size 1024K, 2 young (2048K), 2 survivors (2048K)
 Metaspace       used 20640K, capacity 21109K, committed 21248K, reserved 1067008K
  class space    used 2526K, capacity 2710K, committed 2816K, reserved 1048576K
}
Event: 5.863 GC heap before
{Heap before GC invocations=6 (full 0):
 garbage-first heap   total 98304K, used 54463K [0x0000000080000000, 0x0000000100000000)
  region size 1024K, 39 young (39936K), 2 survivors (2048K)
 Metaspace       used 24969K, capacity 25483K, committed 25728K, reserved 1071104K
  class space    used 3216K, capacity 3426K, committed 3456K, reserved 1048576K
}
Event: 5.868 GC heap after
{Heap after GC invocations=7 (full 0):
 garbage-first heap   total 98304K, used 17918K [0x0000000080000000, 0x0000000100000000)
  region size 1024K, 3 young (3072K), 3 survivors (3072K)
 Metaspace       used 24969K, capacity 25483K, committed 25728K, reserved 1071104K
  class space    used 3216K, capacity 3426K, committed 3456K, reserved 1048576K
}
Event: 6.848 GC heap before
{Heap before GC invocations=7 (full 0):
 garbage-first heap   total 98304K, used 63998K [0x0000000080000000, 0x0000000100000000)
  region size 1024K, 49 young (50176K), 3 survivors (3072K)
 Metaspace       used 30466K, capacity 31079K, committed 31232K, reserved 1077248K
  class space    used 4058K, capacity 4291K, committed 4352K, reserved 1048576K
}
Event: 6.856 GC heap after
{Heap after GC invocations=8 (full 0):
 garbage-first heap   total 98304K, used 20339K [0x0000000080000000, 0x0000000100000000)
  region size 1024K, 5 young (5120K), 5 survivors (5120K)
 Metaspace       used 30466K, capacity 31079K, committed 31232K, reserved 1077248K
  class space    used 4058K, capacity 4291K, committed 4352K, reserved 1048576K
}
Event: 7.340 GC heap before
{Heap before GC invocations=8 (full 0):
 garbage-first heap   total 98304K, used 33651K [0x0000000080000000, 0x0000000100000000)
  region size 1024K, 19 young (19456K), 5 survivors (5120K)
 Metaspace       used 35114K, capacity 35795K, committed 35840K, reserved 1081344K
  class space    used 4556K, capacity 4822K, committed 4864K, reserved 1048576K
}
Event: 7.351 GC heap after
{Heap after GC invocations=9 (full 0):
 garbage-first heap   total 98304K, used 21871K [0x0000000080000000, 0x0000000100000000)
  region size 1024K, 4 young (4096K), 4 survivors (4096K)
 Metaspace       used 35114K, capacity 35795K, committed 35840K, reserved 1081344K
  class space    used 4556K, capacity 4822K, committed 4864K, reserved 1048576K
}
Event: 8.194 GC heap before
{Heap before GC invocations=10 (full 0):
 garbage-first heap   total 98304K, used 62831K [0x0000000080000000, 0x0000000100000000)
  region size 1024K, 41 young (41984K), 4 survivors (4096K)
 Metaspace       used 39639K, capacity 40408K, committed 40704K, reserved 1085440K
  class space    used 5028K, capacity 5326K, committed 5376K, reserved 1048576K
}
Event: 8.204 GC heap after
{Heap after GC invocations=11 (full 0):
 garbage-first heap   total 98304K, used 23903K [0x0000000080000000, 0x0000000100000000)
  region size 1024K, 4 young (4096K), 4 survivors (4096K)
 Metaspace       used 39639K, capacity 40408K, committed 40704K, reserved 1085440K
  class space    used 5028K, capacity 5326K, committed 5376K, reserved 1048576K
}
Event: 8.992 GC heap before
{Heap before GC invocations=11 (full 0):
 garbage-first heap   total 98304K, used 62815K [0x0000000080000000, 0x0000000100000000)
  region size 1024K, 42 young (43008K), 4 survivors (4096K)
 Metaspace       used 42008K, capacity 42913K, committed 43136K, reserved 1087488K
  class space    used 5382K, capacity 5689K, committed 5760K, reserved 1048576K
}
Event: 9.003 GC heap after
{Heap after GC invocations=12 (full 0):
 garbage-first heap   total 128000K, used 26336K [0x0000000080000000, 0x0000000100000000)
  region size 1024K, 5 young (5120K), 5 survivors (5120K)
 Metaspace       used 42008K, capacity 42913K, committed 43136K, reserved 1087488K
  class space    used 5382K, capacity 5689K, committed 5760K, reserved 1048576K
}
Event: 10.290 GC heap before
{Heap before GC invocations=12 (full 0):
 garbage-first heap   total 128000K, used 77536K [0x0000000080000000, 0x0000000100000000)
  region size 1024K, 55 young (56320K), 5 survivors (5120K)
 Metaspace       used 44497K, capacity 45474K, committed 45568K, reserved 1089536K
  class space    used 5676K, capacity 6054K, committed 6144K, reserved 1048576K
}
Event: 10.305 GC heap after
{Heap after GC invocations=13 (full 0):
 garbage-first heap   total 128000K, used 31470K [0x0000000080000000, 0x0000000100000000)
  region size 1024K, 7 young (7168K), 7 survivors (7168K)
 Metaspace       used 44497K, capacity 45474K, committed 45568K, reserved 1089536K
  class space    used 5676K, capacity 6054K, committed 6144K, reserved 1048576K
}
Event: 11.123 GC heap before
{Heap before GC invocations=13 (full 0):
 garbage-first heap   total 128000K, used 89838K [0x0000000080000000, 0x0000000100000000)
  region size 1024K, 59 young (60416K), 7 survivors (7168K)
 Metaspace       used 47216K, capacity 48421K, committed 48512K, reserved 1091584K
  class space    used 6005K, capacity 6468K, committed 6528K, reserved 1048576K
}
Event: 11.142 GC heap after
{Heap after GC invocations=14 (full 0):
 garbage-first heap   total 128000K, used 47564K [0x0000000080000000, 0x0000000100000000)
  region size 1024K, 8 young (8192K), 8 survivors (8192K)
 Metaspace       used 47216K, capacity 48421K, committed 48512K, reserved 1091584K
  class space    used 6005K, capacity 6468K, committed 6528K, reserved 1048576K
}

