# JRE version: OpenJDK Runtime Environment (11.0.11+9) (build 11.0.11+9-b60-7590822)
# Java VM: OpenJDK 64-Bit Server VM (11.0.11+9-b60-7590822, mixed mode, tiered, compressed oops, g1 gc, windows-amd64)
Heap:
 garbage-first heap   total 206848K, used 137951K [0x0000000080000000, 0x0000000100000000)
  region size 1024K, 42 young (43008K), 4 survivors (4096K)
 Metaspace       used 91678K, capacity 94084K, committed 94204K, reserved 1130496K
  class space    used 11791K, capacity 12666K, committed 12672K, reserved 1048576K
GC Heap History (20 events):
Event: 67.364 GC heap before
{Heap before GC invocations=41 (full 0):
 garbage-first heap   total 143360K, used 106041K [0x0000000080000000, 0x0000000100000000)
  region size 1024K, 31 young (31744K), 3 survivors (3072K)
 Metaspace       used 82858K, capacity 85029K, committed 85372K, reserved 1124352K
  class space    used 10674K, capacity 11393K, committed 11520K, reserved 1048576K
}
Event: 67.376 GC heap after
{Heap after GC invocations=42 (full 0):
 garbage-first heap   total 143360K, used 81680K [0x0000000080000000, 0x0000000100000000)
  region size 1024K, 4 young (4096K), 4 survivors (4096K)
 Metaspace       used 82858K, capacity 85029K, committed 85372K, reserved 1124352K
  class space    used 10674K, capacity 11393K, committed 11520K, reserved 1048576K
}
Event: 68.074 GC heap before
{Heap before GC invocations=43 (full 0):
 garbage-first heap   total 143360K, used 109328K [0x0000000080000000, 0x0000000100000000)
  region size 1024K, 32 young (32768K), 4 survivors (4096K)
 Metaspace       used 82965K, capacity 85094K, committed 85372K, reserved 1124352K
  class space    used 10673K, capacity 11392K, committed 11520K, reserved 1048576K
}
Event: 68.084 GC heap after
{Heap after GC invocations=44 (full 0):
 garbage-first heap   total 143360K, used 84292K [0x0000000080000000, 0x0000000100000000)
  region size 1024K, 4 young (4096K), 4 survivors (4096K)
 Metaspace       used 82965K, capacity 85094K, committed 85372K, reserved 1124352K
  class space    used 10673K, capacity 11392K, committed 11520K, reserved 1048576K
}
Event: 68.592 GC heap before
{Heap before GC invocations=44 (full 0):
 garbage-first heap   total 143360K, used 110916K [0x0000000080000000, 0x0000000100000000)
  region size 1024K, 31 young (31744K), 4 survivors (4096K)
 Metaspace       used 83107K, capacity 85239K, committed 85372K, reserved 1124352K
  class space    used 10673K, capacity 11392K, committed 11520K, reserved 1048576K
}
Event: 68.600 GC heap after
{Heap after GC invocations=45 (full 0):
 garbage-first heap   total 143360K, used 86448K [0x0000000080000000, 0x0000000100000000)
  region size 1024K, 4 young (4096K), 4 survivors (4096K)
 Metaspace       used 83107K, capacity 85239K, committed 85372K, reserved 1124352K
  class space    used 10673K, capacity 11392K, committed 11520K, reserved 1048576K
}
Event: 69.280 GC heap before
{Heap before GC invocations=46 (full 0):
 garbage-first heap   total 143360K, used 114096K [0x0000000080000000, 0x0000000100000000)
  region size 1024K, 31 young (31744K), 4 survivors (4096K)
 Metaspace       used 83141K, capacity 85271K, committed 85628K, reserved 1124352K
  class space    used 10654K, capacity 11354K, committed 11520K, reserved 1048576K
}
Event: 69.291 GC heap after
{Heap after GC invocations=47 (full 0):
 garbage-first heap   total 172032K, used 88351K [0x0000000080000000, 0x0000000100000000)
  region size 1024K, 4 young (4096K), 4 survivors (4096K)
 Metaspace       used 83141K, capacity 85271K, committed 85628K, reserved 1124352K
  class space    used 10654K, capacity 11354K, committed 11520K, reserved 1048576K
}
Event: 69.452 GC heap before
{Heap before GC invocations=47 (full 0):
 garbage-first heap   total 172032K, used 95519K [0x0000000080000000, 0x0000000100000000)
  region size 1024K, 13 young (13312K), 4 survivors (4096K)
 Metaspace       used 83194K, capacity 85316K, committed 85628K, reserved 1124352K
  class space    used 10657K, capacity 11388K, committed 11520K, reserved 1048576K
}
Event: 69.461 GC heap after
{Heap after GC invocations=48 (full 0):
 garbage-first heap   total 172032K, used 88815K [0x0000000080000000, 0x0000000100000000)
  region size 1024K, 4 young (4096K), 4 survivors (4096K)
 Metaspace       used 83194K, capacity 85316K, committed 85628K, reserved 1124352K
  class space    used 10657K, capacity 11388K, committed 11520K, reserved 1048576K
}
Event: 70.979 GC heap before
{Heap before GC invocations=49 (full 0):
 garbage-first heap   total 172032K, used 131823K [0x0000000080000000, 0x0000000100000000)
  region size 1024K, 47 young (48128K), 4 survivors (4096K)
 Metaspace       used 83658K, capacity 85829K, committed 86140K, reserved 1124352K
  class space    used 10702K, capacity 11461K, committed 11520K, reserved 1048576K
}
Event: 70.995 GC heap after
{Heap after GC invocations=50 (full 0):
 garbage-first heap   total 172032K, used 90516K [0x0000000080000000, 0x0000000100000000)
  region size 1024K, 5 young (5120K), 5 survivors (5120K)
 Metaspace       used 83658K, capacity 85829K, committed 86140K, reserved 1124352K
  class space    used 10702K, capacity 11461K, committed 11520K, reserved 1048576K
}
Event: 71.769 GC heap before
{Heap before GC invocations=50 (full 0):
 garbage-first heap   total 172032K, used 133524K [0x0000000080000000, 0x0000000100000000)
  region size 1024K, 48 young (49152K), 5 survivors (5120K)
 Metaspace       used 83806K, capacity 86028K, committed 86140K, reserved 1124352K
  class space    used 10716K, capacity 11474K, committed 11520K, reserved 1048576K
}
Event: 71.786 GC heap after
{Heap after GC invocations=51 (full 0):
 garbage-first heap   total 172032K, used 93703K [0x0000000080000000, 0x0000000100000000)
  region size 1024K, 5 young (5120K), 5 survivors (5120K)
 Metaspace       used 83806K, capacity 86028K, committed 86140K, reserved 1124352K
  class space    used 10716K, capacity 11474K, committed 11520K, reserved 1048576K
}
Event: 72.434 GC heap before
{Heap before GC invocations=52 (full 0):
 garbage-first heap   total 172032K, used 136711K [0x0000000080000000, 0x0000000100000000)
  region size 1024K, 47 young (48128K), 5 survivors (5120K)
 Metaspace       used 83807K, capacity 86028K, committed 86140K, reserved 1124352K
  class space    used 10717K, capacity 11474K, committed 11520K, reserved 1048576K
}
Event: 72.447 GC heap after
{Heap after GC invocations=53 (full 0):
 garbage-first heap   total 206848K, used 95530K [0x0000000080000000, 0x0000000100000000)
  region size 1024K, 4 young (4096K), 4 survivors (4096K)
 Metaspace       used 83807K, capacity 86028K, committed 86140K, reserved 1124352K
  class space    used 10717K, capacity 11474K, committed 11520K, reserved 1048576K
}
Event: 73.465 GC heap before
{Heap before GC invocations=53 (full 0):
 garbage-first heap   total 206848K, used 150826K [0x0000000080000000, 0x0000000100000000)
  region size 1024K, 59 young (60416K), 4 survivors (4096K)
 Metaspace       used 84202K, capacity 86462K, committed 86780K, reserved 1124352K
  class space    used 10778K, capacity 11575K, committed 11648K, reserved 1048576K
}
Event: 73.477 GC heap after
{Heap after GC invocations=54 (full 0):
 garbage-first heap   total 206848K, used 98484K [0x0000000080000000, 0x0000000100000000)
  region size 1024K, 7 young (7168K), 7 survivors (7168K)
 Metaspace       used 84202K, capacity 86462K, committed 86780K, reserved 1124352K
  class space    used 10778K, capacity 11575K, committed 11648K, reserved 1048576K
}
Event: 74.290 GC heap before
{Heap before GC invocations=54 (full 0):
 garbage-first heap   total 206848K, used 155828K [0x0000000080000000, 0x0000000100000000)
  region size 1024K, 64 young (65536K), 7 survivors (7168K)
 Metaspace       used 88483K, capacity 90720K, committed 90876K, reserved 1128448K
  class space    used 11316K, capacity 12119K, committed 12160K, reserved 1048576K
}
Event: 74.303 GC heap after
{Heap after GC invocations=55 (full 0):
 garbage-first heap   total 206848K, used 101087K [0x0000000080000000, 0x0000000100000000)
  region size 1024K, 4 young (4096K), 4 survivors (4096K)
 Metaspace       used 88483K, capacity 90720K, committed 90876K, reserved 1128448K
  class space    used 11316K, capacity 12119K, committed 12160K, reserved 1048576K
}

