# JRE version: OpenJDK Runtime Environment (11.0.11+9) (build 11.0.11+9-b60-7590822)
# Java VM: OpenJDK 64-Bit Server VM (11.0.11+9-b60-7590822, mixed mode, tiered, compressed oops, g1 gc, windows-amd64)
Heap:
 garbage-first heap   total 143360K, used 64556K [0x0000000080000000, 0x0000000100000000)
  region size 1024K, 14 young (14336K), 4 survivors (4096K)
 Metaspace       used 62156K, capacity 63618K, committed 63744K, reserved 1103872K
  class space    used 7867K, capacity 8397K, committed 8448K, reserved 1048576K
GC Heap History (20 events):
Event: 5.055 GC heap before
{Heap before GC invocations=6 (full 0):
 garbage-first heap   total 98304K, used 53109K [0x0000000080000000, 0x0000000100000000)
  region size 1024K, 40 young (40960K), 4 survivors (4096K)
 Metaspace       used 24846K, capacity 25416K, committed 25472K, reserved 1071104K
  class space    used 3189K, capacity 3425K, committed 3456K, reserved 1048576K
}
Event: 5.064 GC heap after
{Heap after GC invocations=7 (full 0):
 garbage-first heap   total 98304K, used 17660K [0x0000000080000000, 0x0000000100000000)
  region size 1024K, 2 young (2048K), 2 survivors (2048K)
 Metaspace       used 24846K, capacity 25416K, committed 25472K, reserved 1071104K
  class space    used 3189K, capacity 3425K, committed 3456K, reserved 1048576K
}
Event: 6.242 GC heap before
{Heap before GC invocations=7 (full 0):
 garbage-first heap   total 98304K, used 57596K [0x0000000080000000, 0x0000000100000000)
  region size 1024K, 41 young (41984K), 2 survivors (2048K)
 Metaspace       used 28984K, capacity 29653K, committed 29696K, reserved 1075200K
  class space    used 3859K, capacity 4093K, committed 4096K, reserved 1048576K
}
Event: 6.249 GC heap after
{Heap after GC invocations=8 (full 0):
 garbage-first heap   total 118784K, used 18942K [0x0000000080000000, 0x0000000100000000)
  region size 1024K, 4 young (4096K), 4 survivors (4096K)
 Metaspace       used 28984K, capacity 29653K, committed 29696K, reserved 1075200K
  class space    used 3859K, capacity 4093K, committed 4096K, reserved 1048576K
}
Event: 7.284 GC heap before
{Heap before GC invocations=8 (full 0):
 garbage-first heap   total 118784K, used 40446K [0x0000000080000000, 0x0000000100000000)
  region size 1024K, 27 young (27648K), 4 survivors (4096K)
 Metaspace       used 35117K, capacity 35795K, committed 35840K, reserved 1081344K
  class space    used 4556K, capacity 4822K, committed 4864K, reserved 1048576K
}
Event: 7.296 GC heap after
{Heap after GC invocations=9 (full 0):
 garbage-first heap   total 118784K, used 21409K [0x0000000080000000, 0x0000000100000000)
  region size 1024K, 6 young (6144K), 6 survivors (6144K)
 Metaspace       used 35117K, capacity 35795K, committed 35840K, reserved 1081344K
  class space    used 4556K, capacity 4822K, committed 4864K, reserved 1048576K
}
Event: 8.560 GC heap before
{Heap before GC invocations=10 (full 0):
 garbage-first heap   total 118784K, used 74657K [0x0000000080000000, 0x0000000100000000)
  region size 1024K, 55 young (56320K), 6 survivors (6144K)
 Metaspace       used 40161K, capacity 40906K, committed 41088K, reserved 1085440K
  class space    used 5104K, capacity 5403K, committed 5504K, reserved 1048576K
}
Event: 8.575 GC heap after
{Heap after GC invocations=11 (full 0):
 garbage-first heap   total 118784K, used 24696K [0x0000000080000000, 0x0000000100000000)
  region size 1024K, 6 young (6144K), 6 survivors (6144K)
 Metaspace       used 40161K, capacity 40906K, committed 41088K, reserved 1085440K
  class space    used 5104K, capacity 5403K, committed 5504K, reserved 1048576K
}
Event: 10.983 GC heap before
{Heap before GC invocations=11 (full 0):
 garbage-first heap   total 118784K, used 78968K [0x0000000080000000, 0x0000000100000000)
  region size 1024K, 59 young (60416K), 6 survivors (6144K)
 Metaspace       used 44259K, capacity 45250K, committed 45440K, reserved 1089536K
  class space    used 5648K, capacity 6001K, committed 6016K, reserved 1048576K
}
Event: 10.996 GC heap after
{Heap after GC invocations=12 (full 0):
 garbage-first heap   total 118784K, used 27592K [0x0000000080000000, 0x0000000100000000)
  region size 1024K, 7 young (7168K), 7 survivors (7168K)
 Metaspace       used 44259K, capacity 45250K, committed 45440K, reserved 1089536K
  class space    used 5648K, capacity 6001K, committed 6016K, reserved 1048576K
}
Event: 13.092 GC heap before
{Heap before GC invocations=12 (full 0):
 garbage-first heap   total 118784K, used 86984K [0x0000000080000000, 0x0000000100000000)
  region size 1024K, 60 young (61440K), 7 survivors (7168K)
 Metaspace       used 45166K, capacity 46218K, committed 46336K, reserved 1089536K
  class space    used 5753K, capacity 6127K, committed 6144K, reserved 1048576K
}
Event: 13.113 GC heap after
{Heap after GC invocations=13 (full 0):
 garbage-first heap   total 118784K, used 46648K [0x0000000080000000, 0x0000000100000000)
  region size 1024K, 8 young (8192K), 8 survivors (8192K)
 Metaspace       used 45166K, capacity 46218K, committed 46336K, reserved 1089536K
  class space    used 5753K, capacity 6127K, committed 6144K, reserved 1048576K
}
Event: 16.434 GC heap before
{Heap before GC invocations=13 (full 0):
 garbage-first heap   total 118784K, used 87608K [0x0000000080000000, 0x0000000100000000)
  region size 1024K, 48 young (49152K), 8 survivors (8192K)
 Metaspace       used 50551K, capacity 51759K, committed 51968K, reserved 1093632K
  class space    used 6400K, capacity 6858K, committed 6912K, reserved 1048576K
}
Event: 16.447 GC heap after
{Heap after GC invocations=14 (full 0):
 garbage-first heap   total 143360K, used 48537K [0x0000000080000000, 0x0000000100000000)
  region size 1024K, 2 young (2048K), 2 survivors (2048K)
 Metaspace       used 50551K, capacity 51759K, committed 51968K, reserved 1093632K
  class space    used 6400K, capacity 6858K, committed 6912K, reserved 1048576K
}
Event: 19.727 GC heap before
{Heap before GC invocations=14 (full 0):
 garbage-first heap   total 143360K, used 100761K [0x0000000080000000, 0x0000000100000000)
  region size 1024K, 53 young (54272K), 2 survivors (2048K)
 Metaspace       used 57385K, capacity 58811K, committed 59136K, reserved 1099776K
  class space    used 7273K, capacity 7830K, committed 7936K, reserved 1048576K
}
Event: 19.736 GC heap after
{Heap after GC invocations=15 (full 0):
 garbage-first heap   total 143360K, used 51784K [0x0000000080000000, 0x0000000100000000)
  region size 1024K, 5 young (5120K), 5 survivors (5120K)
 Metaspace       used 57385K, capacity 58811K, committed 59136K, reserved 1099776K
  class space    used 7273K, capacity 7830K, committed 7936K, reserved 1048576K
}
Event: 20.302 GC heap before
{Heap before GC invocations=15 (full 0):
 garbage-first heap   total 143360K, used 63048K [0x0000000080000000, 0x0000000100000000)
  region size 1024K, 17 young (17408K), 5 survivors (5120K)
 Metaspace       used 58544K, capacity 59906K, committed 60160K, reserved 1101824K
  class space    used 7413K, capacity 7936K, committed 7936K, reserved 1048576K
}
Event: 20.315 GC heap after
{Heap after GC invocations=16 (full 0):
 garbage-first heap   total 143360K, used 52783K [0x0000000080000000, 0x0000000100000000)
  region size 1024K, 5 young (5120K), 5 survivors (5120K)
 Metaspace       used 58544K, capacity 59906K, committed 60160K, reserved 1101824K
  class space    used 7413K, capacity 7936K, committed 7936K, reserved 1048576K
}
Event: 22.285 GC heap before
{Heap before GC invocations=17 (full 0):
 garbage-first heap   total 143360K, used 96815K [0x0000000080000000, 0x0000000100000000)
  region size 1024K, 47 young (48128K), 5 survivors (5120K)
 Metaspace       used 62015K, capacity 63450K, committed 63744K, reserved 1103872K
  class space    used 7836K, capacity 8361K, committed 8448K, reserved 1048576K
}
Event: 22.297 GC heap after
{Heap after GC invocations=18 (full 0):
 garbage-first heap   total 143360K, used 55340K [0x0000000080000000, 0x0000000100000000)
  region size 1024K, 4 young (4096K), 4 survivors (4096K)
 Metaspace       used 62015K, capacity 63450K, committed 63744K, reserved 1103872K
  class space    used 7836K, capacity 8361K, committed 8448K, reserved 1048576K
}

